This file contains any messages produced by compilers while
running configure, to aid debugging if configure makes a mistake.

It was created by CommonCode configure 0.6.2.5, which was
generated by GNU Autoconf 2.59.  Invocation command line was

  $ ./configure --enable-mpi-hitachi CXX=mpCC -host=rs6000-ibm-aix CXXFLAGS=-I/srhome/scqcd/cossu/gsl/include -qlanglvl=stdc99 LDFLAGS=-L/srhome/scqcd/cossu/gsl/lib

## --------- ##
## Platform. ##
## --------- ##

hostname = htcf01c01p03
uname -m = 00C8D0064C00
uname -r = 1
uname -s = AIX
uname -v = 7

/usr/bin/uname -p = powerpc
/bin/uname -X     = unknown

/bin/arch              = unknown
/usr/bin/arch -k       = unknown
/usr/convex/getsysinfo = unknown
hostinfo               = unknown
/bin/machine           = unknown
/usr/bin/oslevel       = 7.1.0.0
/bin/universe          = unknown

PATH: .
PATH: /usr/sbin
PATH: /sbin
PATH: /usr/local/sbin
PATH: /usr/local/bin
PATH: /usr/bin
PATH: /bin
PATH: /usr/X11R6/bin
PATH: /etc
PATH: /srhome/.tools/bin
PATH: /srhome/.JobManage/bin
PATH: /opt/ofort90/bin
PATH: /opt/ofort90/lbin
PATH: /usr/local/openssh/bin
PATH: /home/tools/mpi/bin
PATH: /usr/bin
PATH: /etc
PATH: /usr/sbin
PATH: /usr/ucb
PATH: /usr/bin/X11
PATH: /sbin
PATH: /usr/java5/jre/bin
PATH: /usr/java5/bin
PATH: /usr/local/bin
PATH: /usr/lpp/LoadL/full/bin
PATH: /opt/freeware/bin
PATH: /usr/vac/bin
PATH: /usr/vacpp/bin
PATH: /srhome/tools


## ----------- ##
## Core tests. ##
## ----------- ##

configure:1360: checking build system type
configure:1378: result: powerpc-ibm-aix7.1.0.0
configure:1386: checking host system type
configure:1400: result: rs6000-ibm-aix
configure:1408: checking target system type
configure:1422: result: rs6000-ibm-aix
configure:1450: checking for a BSD-compatible install
configure:1505: result: /opt/freeware/bin/install -c
configure:1516: checking whether build environment is sane
configure:1559: result: yes
configure:1616: checking for gawk
configure:1632: found /usr/bin/gawk
configure:1642: result: gawk
configure:1652: checking whether make sets $(MAKE)
configure:1672: result: yes
configure:1751: checking for rs6000-ibm-aix-strip
configure:1780: result: no
configure:1789: checking for strip
configure:1805: found /usr/bin/strip
configure:1816: result: strip
configure:1841: checking for rs6000-ibm-aix-ranlib
configure:1870: result: no
configure:1879: checking for ranlib
configure:1895: found /usr/bin/ranlib
configure:1906: result: ranlib
configure:1931: checking for rs6000-ibm-aix-g++
configure:1957: result: mpCC
configure:2015: checking for C++ compiler version
configure:2018: mpCC --version </dev/null >&5
xlC_r: 1501-216 (W) command option --version is not recognized - passed to ld
ld: 0706-012 The -- flag is not recognized.
configure:2021: $? = 255
configure:2023: mpCC -v </dev/null >&5
exec: export(export,XL_CONFIG=/etc/vac.cfg.71:xlC_r,NULL) 
exec: /bin/ld(ld,-b64,/lib/crt0_64.o,/lib/crti_64.o,-bpT:0x100000000,-bpD:0x110000000,-binitfini:poe_remote_main,-lmpi_r,-L/opt/ibmhpc/pe1100/ppe.pami/lib,-lpami_r,-lpthreads,-L/opt/ibmhpc/pe1100/ppe.poe/lib/threads,-L/opt/ibmhpc/pe1100/ppe.poe/lib,-L/opt/ibmhpc/pe1100/ppe.poe/lib/ip,-bcdtors:all:0:s,-L/usr/vac/lib,-lxlopt,-lxlipa,-lxl,-L/usr/vacpp/lib,-lC,-lpthreads,-lm,-lc,-L/opt/ofort90/lib,-lhpm_st,-lpmapi,-lsmp,-binitfini:_h_pm_init_c,NULL)  |
exec: /usr/vacpp/bin/c++filt(c++filt,-S,NULL) |
exec: /bin/sed(sed,/317.*::virtual-fn-table-ptr$/ s/^\(.*: \)*{*\([^}]*\)\(}*.*\)::virtual-fn-table-ptr$/\1Virtual table for class "\2": Some possible causes are: first non-inline virtual function in "\2" is not defined; or the class is a template instantiation and an explicit instantiation definition of the class is missing./,NULL) 
ld: 0711-317 ERROR: Undefined symbol: .main
ld: 0711-345 Use the -bloadmap or -bnoquiet option to obtain more information.
unlink: /tmp/xlcW0t-aiia
unlink: /tmp/xlcW1t-aiib
unlink: /tmp/xlcW2t-aiic
configure:2026: $? = 8
configure:2028: mpCC -V </dev/null >&5
export XL_CONFIG=/etc/vac.cfg.71:xlC_r 
/bin/ld -b64 /lib/crt0_64.o /lib/crti_64.o -bpT:0x100000000 -bpD:0x110000000 -binitfini:poe_remote_main -lmpi_r -L/opt/ibmhpc/pe1100/ppe.pami/lib -lpami_r -lpthreads -L/opt/ibmhpc/pe1100/ppe.poe/lib/threads -L/opt/ibmhpc/pe1100/ppe.poe/lib -L/opt/ibmhpc/pe1100/ppe.poe/lib/ip -bcdtors:all:0:s -L/usr/vac/lib -lxlopt -lxlipa -lxl -L/usr/vacpp/lib -lC -lpthreads -lm -lc -L/opt/ofort90/lib -lhpm_st -lpmapi -lsmp -binitfini:_h_pm_init_c  |
/usr/vacpp/bin/c++filt -S |
/bin/sed '/317.*::virtual-fn-table-ptr$/ s/^\(.*: \)*{*\([^}]*\)\(}*.*\)::virtual-fn-table-ptr$/\1Virtual table for class "\2": Some possible causes are: first non-inline virtual function in "\2" is not defined; or the class is a template instantiation and an explicit instantiation definition of the class is missing./' 
ld: 0711-317 ERROR: Undefined symbol: .main
ld: 0711-345 Use the -bloadmap or -bnoquiet option to obtain more information.
rm /tmp/xlcW0v6alya
rm /tmp/xlcW1v6alyb
rm /tmp/xlcW2v6alyc
configure:2031: $? = 8
configure:2054: checking for C++ compiler default output file name
configure:2057: mpCC -I/srhome/scqcd/cossu/gsl/include -qlanglvl=stdc99  -L/srhome/scqcd/cossu/gsl/lib conftest.cc  >&5
configure:2060: $? = 0
configure:2106: result: a.out
configure:2111: checking whether the C++ compiler works
configure:2117: ./a.out
ERROR: 0031-808  Hostfile or pool must be used to request nodes
configure:2120: $? = 255
configure:2137: result: yes
configure:2144: checking whether we are cross compiling
configure:2146: result: yes
configure:2149: checking for suffix of executables
configure:2151: mpCC -o conftest -I/srhome/scqcd/cossu/gsl/include -qlanglvl=stdc99  -L/srhome/scqcd/cossu/gsl/lib conftest.cc  >&5
configure:2154: $? = 0
configure:2179: result: 
configure:2185: checking for suffix of object files
configure:2206: mpCC -c -I/srhome/scqcd/cossu/gsl/include -qlanglvl=stdc99  conftest.cc >&5
configure:2209: $? = 0
configure:2231: result: o
configure:2235: checking whether we are using the GNU C++ compiler
configure:2259: mpCC -c -I/srhome/scqcd/cossu/gsl/include -qlanglvl=stdc99  conftest.cc >&5
"conftest.cc", line 16.14: 1540-0040 (S) The text "me" is unexpected.  "choke" may be undeclared or ambiguous.
configure:2265: $? = 1
configure: failed program was:
| /* confdefs.h.  */
| 
| #define PACKAGE_NAME "CommonCode"
| #define PACKAGE_TARNAME "commoncode"
| #define PACKAGE_VERSION "0.6.2.5"
| #define PACKAGE_STRING "CommonCode 0.6.2.5"
| #define PACKAGE_BUGREPORT "cossu@post.kek.jp"
| #define PACKAGE "commoncode"
| #define VERSION "0.6.2.5"
| /* end confdefs.h.  */
| 
| int
| main ()
| {
| #ifndef __GNUC__
|        choke me
| #endif
| 
|   ;
|   return 0;
| }
configure:2291: result: no
configure:2297: checking whether mpCC accepts -g
configure:2318: mpCC -c -g  conftest.cc >&5
configure:2324: $? = 0
configure:2328: test -z 
			 || test ! -s conftest.err
configure:2331: $? = 0
configure:2334: test -s conftest.o
configure:2337: $? = 0
configure:2348: result: yes
configure:2390: mpCC -c -I/srhome/scqcd/cossu/gsl/include -qlanglvl=stdc99  conftest.cc >&5
configure:2396: $? = 0
configure:2400: test -z 
			 || test ! -s conftest.err
configure:2403: $? = 0
configure:2406: test -s conftest.o
configure:2409: $? = 0
configure:2435: mpCC -c -I/srhome/scqcd/cossu/gsl/include -qlanglvl=stdc99  conftest.cc >&5
"conftest.cc", line 15.1: 1540-0274 (S) The name lookup for "exit" did not find a declaration.
configure:2441: $? = 1
configure: failed program was:
| /* confdefs.h.  */
| 
| #define PACKAGE_NAME "CommonCode"
| #define PACKAGE_TARNAME "commoncode"
| #define PACKAGE_VERSION "0.6.2.5"
| #define PACKAGE_STRING "CommonCode 0.6.2.5"
| #define PACKAGE_BUGREPORT "cossu@post.kek.jp"
| #define PACKAGE "commoncode"
| #define VERSION "0.6.2.5"
| /* end confdefs.h.  */
| 
| int
| main ()
| {
| exit (42);
|   ;
|   return 0;
| }
configure:2390: mpCC -c -I/srhome/scqcd/cossu/gsl/include -qlanglvl=stdc99  conftest.cc >&5
"conftest.cc", line 11.17: 1540-0432 (S) The qualified declarator "std::exit" must refer to an existing declaration.
"conftest.cc", line 11.49: 1540-0130 (S) "std::exit" is not declared.
configure:2396: $? = 1
configure: failed program was:
| /* confdefs.h.  */
| 
| #define PACKAGE_NAME "CommonCode"
| #define PACKAGE_TARNAME "commoncode"
| #define PACKAGE_VERSION "0.6.2.5"
| #define PACKAGE_STRING "CommonCode 0.6.2.5"
| #define PACKAGE_BUGREPORT "cossu@post.kek.jp"
| #define PACKAGE "commoncode"
| #define VERSION "0.6.2.5"
| /* end confdefs.h.  */
| extern "C" void std::exit (int) throw (); using std::exit;
| #include <stdlib.h>
| int
| main ()
| {
| exit (42);
|   ;
|   return 0;
| }
configure:2390: mpCC -c -I/srhome/scqcd/cossu/gsl/include -qlanglvl=stdc99  conftest.cc >&5
"conftest.cc", line 11.17: 1540-0432 (S) The qualified declarator "std::exit" must refer to an existing declaration.
"conftest.cc", line 11.40: 1540-0130 (S) "std::exit" is not declared.
configure:2396: $? = 1
configure: failed program was:
| /* confdefs.h.  */
| 
| #define PACKAGE_NAME "CommonCode"
| #define PACKAGE_TARNAME "commoncode"
| #define PACKAGE_VERSION "0.6.2.5"
| #define PACKAGE_STRING "CommonCode 0.6.2.5"
| #define PACKAGE_BUGREPORT "cossu@post.kek.jp"
| #define PACKAGE "commoncode"
| #define VERSION "0.6.2.5"
| /* end confdefs.h.  */
| extern "C" void std::exit (int); using std::exit;
| #include <stdlib.h>
| int
| main ()
| {
| exit (42);
|   ;
|   return 0;
| }
configure:2390: mpCC -c -I/srhome/scqcd/cossu/gsl/include -qlanglvl=stdc99  conftest.cc >&5
"/usr/include/stdlib.h", line 276.25: 1540-0400 (S) "exit(int)" has a conflicting declaration.
"conftest.cc", line 11.17: 1540-0424 (I) "exit" is declared on line 11 of "conftest.cc".
configure:2396: $? = 1
configure: failed program was:
| /* confdefs.h.  */
| 
| #define PACKAGE_NAME "CommonCode"
| #define PACKAGE_TARNAME "commoncode"
| #define PACKAGE_VERSION "0.6.2.5"
| #define PACKAGE_STRING "CommonCode 0.6.2.5"
| #define PACKAGE_BUGREPORT "cossu@post.kek.jp"
| #define PACKAGE "commoncode"
| #define VERSION "0.6.2.5"
| /* end confdefs.h.  */
| extern "C" void exit (int) throw ();
| #include <stdlib.h>
| int
| main ()
| {
| exit (42);
|   ;
|   return 0;
| }
configure:2390: mpCC -c -I/srhome/scqcd/cossu/gsl/include -qlanglvl=stdc99  conftest.cc >&5
configure:2396: $? = 0
configure:2400: test -z 
			 || test ! -s conftest.err
configure:2403: $? = 0
configure:2406: test -s conftest.o
configure:2409: $? = 0
configure:2435: mpCC -c -I/srhome/scqcd/cossu/gsl/include -qlanglvl=stdc99  conftest.cc >&5
configure:2441: $? = 0
configure:2445: test -z 
			 || test ! -s conftest.err
configure:2448: $? = 0
configure:2451: test -s conftest.o
configure:2454: $? = 0
configure:2488: checking for style of include used by make
configure:2516: result: GNU
configure:2544: checking dependency style of mpCC
configure:2634: result: aix
configure:2663: checking for rs6000-ibm-aix-mpCC
configure:2689: result: mpCC
configure:2747: checking for C++ compiler version
configure:2750: mpCC --version </dev/null >&5
xlC_r: 1501-216 (W) command option --version is not recognized - passed to ld
ld: 0706-012 The -- flag is not recognized.
configure:2753: $? = 255
configure:2755: mpCC -v </dev/null >&5
exec: export(export,XL_CONFIG=/etc/vac.cfg.71:xlC_r,NULL) 
exec: /bin/ld(ld,-b64,/lib/crt0_64.o,/lib/crti_64.o,-bpT:0x100000000,-bpD:0x110000000,-binitfini:poe_remote_main,-lmpi_r,-L/opt/ibmhpc/pe1100/ppe.pami/lib,-lpami_r,-lpthreads,-L/opt/ibmhpc/pe1100/ppe.poe/lib/threads,-L/opt/ibmhpc/pe1100/ppe.poe/lib,-L/opt/ibmhpc/pe1100/ppe.poe/lib/ip,-bcdtors:all:0:s,-L/usr/vac/lib,-lxlopt,-lxlipa,-lxl,-L/usr/vacpp/lib,-lC,-lpthreads,-lm,-lc,-L/opt/ofort90/lib,-lhpm_st,-lpmapi,-lsmp,-binitfini:_h_pm_init_c,NULL)  |
exec: /usr/vacpp/bin/c++filt(c++filt,-S,NULL) |
exec: /bin/sed(sed,/317.*::virtual-fn-table-ptr$/ s/^\(.*: \)*{*\([^}]*\)\(}*.*\)::virtual-fn-table-ptr$/\1Virtual table for class "\2": Some possible causes are: first non-inline virtual function in "\2" is not defined; or the class is a template instantiation and an explicit instantiation definition of the class is missing./,NULL) 
ld: 0711-317 ERROR: Undefined symbol: .main
ld: 0711-345 Use the -bloadmap or -bnoquiet option to obtain more information.
unlink: /tmp/xlcW0wZaYaa
unlink: /tmp/xlcW1wZaYab
unlink: /tmp/xlcW2wZaYac
configure:2758: $? = 8
configure:2760: mpCC -V </dev/null >&5
export XL_CONFIG=/etc/vac.cfg.71:xlC_r 
/bin/ld -b64 /lib/crt0_64.o /lib/crti_64.o -bpT:0x100000000 -bpD:0x110000000 -binitfini:poe_remote_main -lmpi_r -L/opt/ibmhpc/pe1100/ppe.pami/lib -lpami_r -lpthreads -L/opt/ibmhpc/pe1100/ppe.poe/lib/threads -L/opt/ibmhpc/pe1100/ppe.poe/lib -L/opt/ibmhpc/pe1100/ppe.poe/lib/ip -bcdtors:all:0:s -L/usr/vac/lib -lxlopt -lxlipa -lxl -L/usr/vacpp/lib -lC -lpthreads -lm -lc -L/opt/ofort90/lib -lhpm_st -lpmapi -lsmp -binitfini:_h_pm_init_c  |
/usr/vacpp/bin/c++filt -S |
/bin/sed '/317.*::virtual-fn-table-ptr$/ s/^\(.*: \)*{*\([^}]*\)\(}*.*\)::virtual-fn-table-ptr$/\1Virtual table for class "\2": Some possible causes are: first non-inline virtual function in "\2" is not defined; or the class is a template instantiation and an explicit instantiation definition of the class is missing./' 
ld: 0711-317 ERROR: Undefined symbol: .main
ld: 0711-345 Use the -bloadmap or -bnoquiet option to obtain more information.
rm /tmp/xlcW0xLayEa
rm /tmp/xlcW1xLayEb
rm /tmp/xlcW2xLayEc
configure:2763: $? = 8
configure:2766: checking whether we are using the GNU C++ compiler
configure:2822: result: no
configure:2828: checking whether mpCC accepts -g
configure:2879: result: yes
configure:2921: mpCC -c -I/srhome/scqcd/cossu/gsl/include -qlanglvl=stdc99  conftest.cc >&5
configure:2927: $? = 0
configure:2931: test -z 
			 || test ! -s conftest.err
configure:2934: $? = 0
configure:2937: test -s conftest.o
configure:2940: $? = 0
configure:2966: mpCC -c -I/srhome/scqcd/cossu/gsl/include -qlanglvl=stdc99  conftest.cc >&5
configure:2972: $? = 0
configure:2976: test -z 
			 || test ! -s conftest.err
configure:2979: $? = 0
configure:2982: test -s conftest.o
configure:2985: $? = 0
configure:3010: checking dependency style of mpCC
configure:3100: result: aix
configure:3127: checking for rs6000-ibm-aix-gcc
configure:3156: result: no
configure:3165: checking for gcc
configure:3181: found /usr/bin/gcc
configure:3191: result: gcc
configure:3435: checking for C compiler version
configure:3438: gcc --version </dev/null >&5
gcc (GCC) 4.2.0
Copyright (C) 2007 Free Software Foundation, Inc.
This is free software; see the source for copying conditions.  There is NO
warranty; not even for MERCHANTABILITY or FITNESS FOR A PARTICULAR PURPOSE.

configure:3441: $? = 0
configure:3443: gcc -v </dev/null >&5
Using built-in specs.
Target: powerpc-ibm-aix6.1.0.0
Configured with: ../configure --with-as=/usr/bin/as --with-ld=/usr/bin/ld --enable-languages=c,c++,java --prefix=/opt/freeware --enable-threads --enable-version-specific-runtime-libs --host=powerpc-ibm-aix6.1.0.0 --target=powerpc-ibm-aix6.1.0.0 --build=powerpc-ibm-aix6.1.0.0 --disable-libjava-multilib
Thread model: aix
gcc version 4.2.0
configure:3446: $? = 0
configure:3448: gcc -V </dev/null >&5
gcc: '-V' option must have argument
configure:3451: $? = 1
configure:3454: checking whether we are using the GNU C compiler
configure:3478: gcc -c   conftest.c >&5
configure:3484: $? = 0
configure:3488: test -z 
			 || test ! -s conftest.err
configure:3491: $? = 0
configure:3494: test -s conftest.o
configure:3497: $? = 0
configure:3510: result: yes
configure:3516: checking whether gcc accepts -g
configure:3537: gcc -c -g  conftest.c >&5
configure:3543: $? = 0
configure:3547: test -z 
			 || test ! -s conftest.err
configure:3550: $? = 0
configure:3553: test -s conftest.o
configure:3556: $? = 0
configure:3567: result: yes
configure:3584: checking for gcc option to accept ANSI C
configure:3654: gcc  -c -g -O2  conftest.c >&5
configure:3660: $? = 0
configure:3664: test -z 
			 || test ! -s conftest.err
configure:3667: $? = 0
configure:3670: test -s conftest.o
configure:3673: $? = 0
configure:3691: result: none needed
configure:3709: gcc -c -g -O2  conftest.c >&5
conftest.c:2: error: expected '=', ',', ';', 'asm' or '__attribute__' before 'me'
configure:3715: $? = 1
configure: failed program was:
| #ifndef __cplusplus
|   choke me
| #endif
configure:3850: checking dependency style of gcc
configure:3940: result: gcc3
configure:3967: checking for pow in -lm
configure:3997: mpCC -o conftest -I/srhome/scqcd/cossu/gsl/include -qlanglvl=stdc99  -L/srhome/scqcd/cossu/gsl/lib conftest.cc -lm   >&5
configure:4003: $? = 0
configure:4007: test -z 
			 || test ! -s conftest.err
configure:4010: $? = 0
configure:4013: test -s conftest
configure:4016: $? = 0
configure:4029: result: yes
configure:4041: checking for cblas_dgemm in -lgslcblas
configure:4071: mpCC -o conftest -I/srhome/scqcd/cossu/gsl/include -qlanglvl=stdc99  -L/srhome/scqcd/cossu/gsl/lib conftest.cc -lgslcblas  -lm  >&5
configure:4077: $? = 0
configure:4081: test -z 
			 || test ! -s conftest.err
configure:4084: $? = 0
configure:4087: test -s conftest
configure:4090: $? = 0
configure:4103: result: yes
configure:4115: checking for gsl_blas_dgemm in -lgsl
configure:4145: mpCC -o conftest -I/srhome/scqcd/cossu/gsl/include -qlanglvl=stdc99  -L/srhome/scqcd/cossu/gsl/lib conftest.cc -lgsl  -lgslcblas -lm  >&5
configure:4151: $? = 0
configure:4155: test -z 
			 || test ! -s conftest.err
configure:4158: $? = 0
configure:4161: test -s conftest
configure:4164: $? = 0
configure:4177: result: yes
configure:4195: checking how to run the C++ preprocessor
configure:4226: mpCC -E  conftest.cc
configure:4232: $? = 0
configure:4264: mpCC -E  conftest.cc
"conftest.cc", line 17.10: 1540-0836 (S) The #include file <ac_nonexistent.h> is not found.
configure:4270: $? = 1
configure: failed program was:
| /* confdefs.h.  */
| 
| #define PACKAGE_NAME "CommonCode"
| #define PACKAGE_TARNAME "commoncode"
| #define PACKAGE_VERSION "0.6.2.5"
| #define PACKAGE_STRING "CommonCode 0.6.2.5"
| #define PACKAGE_BUGREPORT "cossu@post.kek.jp"
| #define PACKAGE "commoncode"
| #define VERSION "0.6.2.5"
| #ifdef __cplusplus
| extern "C" void exit (int);
| #endif
| #define HAVE_LIBM 1
| #define HAVE_LIBGSLCBLAS 1
| #define HAVE_LIBGSL 1
| /* end confdefs.h.  */
| #include <ac_nonexistent.h>
configure:4309: result: mpCC -E
configure:4333: mpCC -E  conftest.cc
configure:4339: $? = 0
configure:4371: mpCC -E  conftest.cc
"conftest.cc", line 17.10: 1540-0836 (S) The #include file <ac_nonexistent.h> is not found.
configure:4377: $? = 1
configure: failed program was:
| /* confdefs.h.  */
| 
| #define PACKAGE_NAME "CommonCode"
| #define PACKAGE_TARNAME "commoncode"
| #define PACKAGE_VERSION "0.6.2.5"
| #define PACKAGE_STRING "CommonCode 0.6.2.5"
| #define PACKAGE_BUGREPORT "cossu@post.kek.jp"
| #define PACKAGE "commoncode"
| #define VERSION "0.6.2.5"
| #ifdef __cplusplus
| extern "C" void exit (int);
| #endif
| #define HAVE_LIBM 1
| #define HAVE_LIBGSLCBLAS 1
| #define HAVE_LIBGSL 1
| /* end confdefs.h.  */
| #include <ac_nonexistent.h>
configure:4421: checking for egrep
configure:4431: result: grep -E
configure:4436: checking for ANSI C header files
configure:4461: mpCC -c -I/srhome/scqcd/cossu/gsl/include -qlanglvl=stdc99  conftest.cc >&5
configure:4467: $? = 0
configure:4471: test -z 
			 || test ! -s conftest.err
configure:4474: $? = 0
configure:4477: test -s conftest.o
configure:4480: $? = 0
configure:4592: result: yes
configure:4616: checking for sys/types.h
configure:4632: mpCC -c -I/srhome/scqcd/cossu/gsl/include -qlanglvl=stdc99  conftest.cc >&5
configure:4638: $? = 0
configure:4642: test -z 
			 || test ! -s conftest.err
configure:4645: $? = 0
configure:4648: test -s conftest.o
configure:4651: $? = 0
configure:4662: result: yes
configure:4616: checking for sys/stat.h
configure:4632: mpCC -c -I/srhome/scqcd/cossu/gsl/include -qlanglvl=stdc99  conftest.cc >&5
configure:4638: $? = 0
configure:4642: test -z 
			 || test ! -s conftest.err
configure:4645: $? = 0
configure:4648: test -s conftest.o
configure:4651: $? = 0
configure:4662: result: yes
configure:4616: checking for stdlib.h
configure:4632: mpCC -c -I/srhome/scqcd/cossu/gsl/include -qlanglvl=stdc99  conftest.cc >&5
configure:4638: $? = 0
configure:4642: test -z 
			 || test ! -s conftest.err
configure:4645: $? = 0
configure:4648: test -s conftest.o
configure:4651: $? = 0
configure:4662: result: yes
configure:4616: checking for string.h
configure:4632: mpCC -c -I/srhome/scqcd/cossu/gsl/include -qlanglvl=stdc99  conftest.cc >&5
configure:4638: $? = 0
configure:4642: test -z 
			 || test ! -s conftest.err
configure:4645: $? = 0
configure:4648: test -s conftest.o
configure:4651: $? = 0
configure:4662: result: yes
configure:4616: checking for memory.h
configure:4632: mpCC -c -I/srhome/scqcd/cossu/gsl/include -qlanglvl=stdc99  conftest.cc >&5
configure:4638: $? = 0
configure:4642: test -z 
			 || test ! -s conftest.err
configure:4645: $? = 0
configure:4648: test -s conftest.o
configure:4651: $? = 0
configure:4662: result: yes
configure:4616: checking for strings.h
configure:4632: mpCC -c -I/srhome/scqcd/cossu/gsl/include -qlanglvl=stdc99  conftest.cc >&5
configure:4638: $? = 0
configure:4642: test -z 
			 || test ! -s conftest.err
configure:4645: $? = 0
configure:4648: test -s conftest.o
configure:4651: $? = 0
configure:4662: result: yes
configure:4616: checking for inttypes.h
configure:4632: mpCC -c -I/srhome/scqcd/cossu/gsl/include -qlanglvl=stdc99  conftest.cc >&5
configure:4638: $? = 0
configure:4642: test -z 
			 || test ! -s conftest.err
configure:4645: $? = 0
configure:4648: test -s conftest.o
configure:4651: $? = 0
configure:4662: result: yes
configure:4616: checking for stdint.h
configure:4632: mpCC -c -I/srhome/scqcd/cossu/gsl/include -qlanglvl=stdc99  conftest.cc >&5
configure:4638: $? = 0
configure:4642: test -z 
			 || test ! -s conftest.err
configure:4645: $? = 0
configure:4648: test -s conftest.o
configure:4651: $? = 0
configure:4662: result: yes
configure:4616: checking for unistd.h
configure:4632: mpCC -c -I/srhome/scqcd/cossu/gsl/include -qlanglvl=stdc99  conftest.cc >&5
configure:4638: $? = 0
configure:4642: test -z 
			 || test ! -s conftest.err
configure:4645: $? = 0
configure:4648: test -s conftest.o
configure:4651: $? = 0
configure:4662: result: yes
configure:4679: checking for stdlib.h
configure:4684: result: yes
configure:4826: checking for stdbool.h that conforms to C99
configure:4879: mpCC -c -I/srhome/scqcd/cossu/gsl/include -qlanglvl=stdc99  conftest.cc >&5
"conftest.cc", line 31.3: 1540-0859 (S) #error directive: bool is not defined.
configure:4885: $? = 1
configure: failed program was:
| /* confdefs.h.  */
| 
| #define PACKAGE_NAME "CommonCode"
| #define PACKAGE_TARNAME "commoncode"
| #define PACKAGE_VERSION "0.6.2.5"
| #define PACKAGE_STRING "CommonCode 0.6.2.5"
| #define PACKAGE_BUGREPORT "cossu@post.kek.jp"
| #define PACKAGE "commoncode"
| #define VERSION "0.6.2.5"
| #ifdef __cplusplus
| extern "C" void exit (int);
| #endif
| #define HAVE_LIBM 1
| #define HAVE_LIBGSLCBLAS 1
| #define HAVE_LIBGSL 1
| #define STDC_HEADERS 1
| #define HAVE_SYS_TYPES_H 1
| #define HAVE_SYS_STAT_H 1
| #define HAVE_STDLIB_H 1
| #define HAVE_STRING_H 1
| #define HAVE_MEMORY_H 1
| #define HAVE_STRINGS_H 1
| #define HAVE_INTTYPES_H 1
| #define HAVE_STDINT_H 1
| #define HAVE_UNISTD_H 1
| #define HAVE_STDLIB_H 1
| /* end confdefs.h.  */
| 
| #include <stdbool.h>
| #ifndef bool
| # error bool is not defined
| #endif
| #ifndef false
| # error false is not defined
| #endif
| #if false
| # error false is not 0
| #endif
| #ifndef true
| # error true is not defined
| #endif
| #if true != 1
| # error true is not 1
| #endif
| #ifndef __bool_true_false_are_defined
| # error __bool_true_false_are_defined is not defined
| #endif
| 
| 	struct s { _Bool s: 1; _Bool t; } s;
| 
| 	char a[true == 1 ? 1 : -1];
| 	char b[false == 0 ? 1 : -1];
| 	char c[__bool_true_false_are_defined == 1 ? 1 : -1];
| 	char d[(bool) -0.5 == true ? 1 : -1];
| 	bool e = &s;
| 	char f[(_Bool) -0.0 == false ? 1 : -1];
| 	char g[true];
| 	char h[sizeof (_Bool)];
| 	char i[sizeof s.t];
| 
| int
| main ()
| {
|  return !a + !b + !c + !d + !e + !f + !g + !h + !i;
|   ;
|   return 0;
| }
configure:4909: result: no
configure:4911: checking for _Bool
configure:4935: mpCC -c -I/srhome/scqcd/cossu/gsl/include -qlanglvl=stdc99  conftest.cc >&5
"conftest.cc", line 65.13: 1540-0063 (S) The text ")" is unexpected.
configure:4941: $? = 1
configure: failed program was:
| /* confdefs.h.  */
| 
| #define PACKAGE_NAME "CommonCode"
| #define PACKAGE_TARNAME "commoncode"
| #define PACKAGE_VERSION "0.6.2.5"
| #define PACKAGE_STRING "CommonCode 0.6.2.5"
| #define PACKAGE_BUGREPORT "cossu@post.kek.jp"
| #define PACKAGE "commoncode"
| #define VERSION "0.6.2.5"
| #ifdef __cplusplus
| extern "C" void exit (int);
| #endif
| #define HAVE_LIBM 1
| #define HAVE_LIBGSLCBLAS 1
| #define HAVE_LIBGSL 1
| #define STDC_HEADERS 1
| #define HAVE_SYS_TYPES_H 1
| #define HAVE_SYS_STAT_H 1
| #define HAVE_STDLIB_H 1
| #define HAVE_STRING_H 1
| #define HAVE_MEMORY_H 1
| #define HAVE_STRINGS_H 1
| #define HAVE_INTTYPES_H 1
| #define HAVE_STDINT_H 1
| #define HAVE_UNISTD_H 1
| #define HAVE_STDLIB_H 1
| /* end confdefs.h.  */
| #include <stdio.h>
| #if HAVE_SYS_TYPES_H
| # include <sys/types.h>
| #endif
| #if HAVE_SYS_STAT_H
| # include <sys/stat.h>
| #endif
| #if STDC_HEADERS
| # include <stdlib.h>
| # include <stddef.h>
| #else
| # if HAVE_STDLIB_H
| #  include <stdlib.h>
| # endif
| #endif
| #if HAVE_STRING_H
| # if !STDC_HEADERS && HAVE_MEMORY_H
| #  include <memory.h>
| # endif
| # include <string.h>
| #endif
| #if HAVE_STRINGS_H
| # include <strings.h>
| #endif
| #if HAVE_INTTYPES_H
| # include <inttypes.h>
| #else
| # if HAVE_STDINT_H
| #  include <stdint.h>
| # endif
| #endif
| #if HAVE_UNISTD_H
| # include <unistd.h>
| #endif
| int
| main ()
| {
| if ((_Bool *) 0)
|   return 0;
| if (sizeof (_Bool))
|   return 0;
|   ;
|   return 0;
| }
configure:4965: result: no
configure:4984: checking for inline
configure:5005: mpCC -c -I/srhome/scqcd/cossu/gsl/include -qlanglvl=stdc99  conftest.cc >&5
configure:5011: $? = 0
configure:5015: test -z 
			 || test ! -s conftest.err
configure:5018: $? = 0
configure:5021: test -s conftest.o
configure:5024: $? = 0
configure:5036: result: inline
configure:5055: checking for size_t
configure:5079: mpCC -c -I/srhome/scqcd/cossu/gsl/include -qlanglvl=stdc99  conftest.cc >&5
configure:5085: $? = 0
configure:5089: test -z 
			 || test ! -s conftest.err
configure:5092: $? = 0
configure:5095: test -s conftest.o
configure:5098: $? = 0
configure:5109: result: yes
configure:5128: checking for stdlib.h
configure:5133: result: yes
configure:5273: checking for GNU libc compatible malloc
configure:5324: result: no
configure:5358: checking for sqrt
configure:5415: mpCC -o conftest -I/srhome/scqcd/cossu/gsl/include -qlanglvl=stdc99  -L/srhome/scqcd/cossu/gsl/lib conftest.cc -lgsl -lgslcblas -lm  >&5
configure:5421: $? = 0
configure:5425: test -z 
			 || test ! -s conftest.err
configure:5428: $? = 0
configure:5431: test -s conftest
configure:5434: $? = 0
configure:5446: result: yes
configure:5524: checking /usr/include/mpich2/mpi.h usability
configure:5536: mpCC -c -I/srhome/scqcd/cossu/gsl/include -qlanglvl=stdc99  conftest.cc >&5
"conftest.cc", line 66.10: 1540-0836 (S) The #include file </usr/include/mpich2/mpi.h> is not found.
configure:5542: $? = 1
configure: failed program was:
| /* confdefs.h.  */
| 
| #define PACKAGE_NAME "CommonCode"
| #define PACKAGE_TARNAME "commoncode"
| #define PACKAGE_VERSION "0.6.2.5"
| #define PACKAGE_STRING "CommonCode 0.6.2.5"
| #define PACKAGE_BUGREPORT "cossu@post.kek.jp"
| #define PACKAGE "commoncode"
| #define VERSION "0.6.2.5"
| #ifdef __cplusplus
| extern "C" void exit (int);
| #endif
| #define HAVE_LIBM 1
| #define HAVE_LIBGSLCBLAS 1
| #define HAVE_LIBGSL 1
| #define STDC_HEADERS 1
| #define HAVE_SYS_TYPES_H 1
| #define HAVE_SYS_STAT_H 1
| #define HAVE_STDLIB_H 1
| #define HAVE_STRING_H 1
| #define HAVE_MEMORY_H 1
| #define HAVE_STRINGS_H 1
| #define HAVE_INTTYPES_H 1
| #define HAVE_STDINT_H 1
| #define HAVE_UNISTD_H 1
| #define HAVE_STDLIB_H 1
| #define HAVE_STDLIB_H 1
| #define HAVE_MALLOC 0
| #define malloc rpl_malloc
| #define HAVE_SQRT 1
| /* end confdefs.h.  */
| #include <stdio.h>
| #if HAVE_SYS_TYPES_H
| # include <sys/types.h>
| #endif
| #if HAVE_SYS_STAT_H
| # include <sys/stat.h>
| #endif
| #if STDC_HEADERS
| # include <stdlib.h>
| # include <stddef.h>
| #else
| # if HAVE_STDLIB_H
| #  include <stdlib.h>
| # endif
| #endif
| #if HAVE_STRING_H
| # if !STDC_HEADERS && HAVE_MEMORY_H
| #  include <memory.h>
| # endif
| # include <string.h>
| #endif
| #if HAVE_STRINGS_H
| # include <strings.h>
| #endif
| #if HAVE_INTTYPES_H
| # include <inttypes.h>
| #else
| # if HAVE_STDINT_H
| #  include <stdint.h>
| # endif
| #endif
| #if HAVE_UNISTD_H
| # include <unistd.h>
| #endif
| #include </usr/include/mpich2/mpi.h>
configure:5565: result: no
configure:5569: checking /usr/include/mpich2/mpi.h presence
configure:5579: mpCC -E  conftest.cc
"conftest.cc", line 32.10: 1540-0836 (S) The #include file </usr/include/mpich2/mpi.h> is not found.
configure:5585: $? = 1
configure: failed program was:
| /* confdefs.h.  */
| 
| #define PACKAGE_NAME "CommonCode"
| #define PACKAGE_TARNAME "commoncode"
| #define PACKAGE_VERSION "0.6.2.5"
| #define PACKAGE_STRING "CommonCode 0.6.2.5"
| #define PACKAGE_BUGREPORT "cossu@post.kek.jp"
| #define PACKAGE "commoncode"
| #define VERSION "0.6.2.5"
| #ifdef __cplusplus
| extern "C" void exit (int);
| #endif
| #define HAVE_LIBM 1
| #define HAVE_LIBGSLCBLAS 1
| #define HAVE_LIBGSL 1
| #define STDC_HEADERS 1
| #define HAVE_SYS_TYPES_H 1
| #define HAVE_SYS_STAT_H 1
| #define HAVE_STDLIB_H 1
| #define HAVE_STRING_H 1
| #define HAVE_MEMORY_H 1
| #define HAVE_STRINGS_H 1
| #define HAVE_INTTYPES_H 1
| #define HAVE_STDINT_H 1
| #define HAVE_UNISTD_H 1
| #define HAVE_STDLIB_H 1
| #define HAVE_STDLIB_H 1
| #define HAVE_MALLOC 0
| #define malloc rpl_malloc
| #define HAVE_SQRT 1
| /* end confdefs.h.  */
| #include </usr/include/mpich2/mpi.h>
configure:5605: result: no
configure:5640: checking for /usr/include/mpich2/mpi.h
configure:5647: result: no
configure:5672: checking for doxygen
configure:5701: result: no
configure:5709: WARNING: Doxygen not found - continuing without Doxygen support
configure:5865: creating ./config.status

## ---------------------- ##
## Running config.status. ##
## ---------------------- ##

This file was extended by CommonCode config.status 0.6.2.5, which was
generated by GNU Autoconf 2.59.  Invocation command line was

  CONFIG_FILES    = 
  CONFIG_HEADERS  = 
  CONFIG_LINKS    = 
  CONFIG_COMMANDS = 
  $ ./config.status 

on htcf01c01p03

config.status:716: creating Makefile
config.status:716: creating lib/Makefile
config.status:716: creating lib/Test/Makefile
config.status:716: creating docs/Makefile
config.status:820: creating include/config.h
config.status:942: include/config.h is unchanged
config.status:1122: executing depfiles commands

## ---------------- ##
## Cache variables. ##
## ---------------- ##

ac_cv_build=powerpc-ibm-aix7.1.0.0
ac_cv_build_alias=powerpc-ibm-aix7.1.0.0
ac_cv_c_compiler_gnu=yes
ac_cv_c_inline=inline
ac_cv_cxx_compiler_gnu=no
ac_cv_env_CC_set=''
ac_cv_env_CC_value=''
ac_cv_env_CFLAGS_set=''
ac_cv_env_CFLAGS_value=''
ac_cv_env_CPPFLAGS_set=''
ac_cv_env_CPPFLAGS_value=''
ac_cv_env_CXXCPP_set=''
ac_cv_env_CXXCPP_value=''
ac_cv_env_CXXFLAGS_set=set
ac_cv_env_CXXFLAGS_value='-I/srhome/scqcd/cossu/gsl/include -qlanglvl=stdc99'
ac_cv_env_CXX_set=set
ac_cv_env_CXX_value=mpCC
ac_cv_env_LDFLAGS_set=set
ac_cv_env_LDFLAGS_value=-L/srhome/scqcd/cossu/gsl/lib
ac_cv_env_build_alias_set=''
ac_cv_env_build_alias_value=''
ac_cv_env_host_alias_set=set
ac_cv_env_host_alias_value=rs6000-ibm-aix
ac_cv_env_target_alias_set=''
ac_cv_env_target_alias_value=''
ac_cv_exeext=''
ac_cv_func_malloc_0_nonnull=no
ac_cv_func_sqrt=yes
ac_cv_header__usr_include_mpich2_mpi_h=no
ac_cv_header_inttypes_h=yes
ac_cv_header_memory_h=yes
ac_cv_header_stdbool_h=no
ac_cv_header_stdc=yes
ac_cv_header_stdint_h=yes
ac_cv_header_stdlib_h=yes
ac_cv_header_string_h=yes
ac_cv_header_strings_h=yes
ac_cv_header_sys_stat_h=yes
ac_cv_header_sys_types_h=yes
ac_cv_header_unistd_h=yes
ac_cv_host=rs6000-ibm-aix
ac_cv_host_alias=rs6000-ibm-aix
ac_cv_lib_gsl_gsl_blas_dgemm=yes
ac_cv_lib_gslcblas_cblas_dgemm=yes
ac_cv_lib_m_pow=yes
ac_cv_objext=o
ac_cv_path_install='/opt/freeware/bin/install -c'
ac_cv_prog_AWK=gawk
ac_cv_prog_CXX=mpCC
ac_cv_prog_CXXCPP='mpCC -E'
ac_cv_prog_ac_ct_CC=gcc
ac_cv_prog_ac_ct_RANLIB=ranlib
ac_cv_prog_ac_ct_STRIP=strip
ac_cv_prog_cc_g=yes
ac_cv_prog_cc_stdc=''
ac_cv_prog_cxx_g=yes
ac_cv_prog_egrep='grep -E'
ac_cv_prog_make_make_set=yes
ac_cv_target=rs6000-ibm-aix
ac_cv_target_alias=rs6000-ibm-aix
ac_cv_type__Bool=no
ac_cv_type_size_t=yes
am_cv_CC_dependencies_compiler_type=gcc3
am_cv_CXX_dependencies_compiler_type=aix

## ----------------- ##
## Output variables. ##
## ----------------- ##

ACLOCAL='${SHELL} /srhome/scqcd/noaki/common_code/Nov19_2011/commoncode-0.6.2.5_mod/missing --run aclocal-1.8'
AMDEPBACKSLASH='\'
AMDEP_FALSE='#'
AMDEP_TRUE=''
AMTAR='${SHELL} /srhome/scqcd/noaki/common_code/Nov19_2011/commoncode-0.6.2.5_mod/missing --run tar'
ARFLAGS='-X64 -c -ru'
AUTOCONF='${SHELL} /srhome/scqcd/noaki/common_code/Nov19_2011/commoncode-0.6.2.5_mod/missing --run autoconf'
AUTOHEADER='${SHELL} /srhome/scqcd/noaki/common_code/Nov19_2011/commoncode-0.6.2.5_mod/missing --run autoheader'
AUTOMAKE='${SHELL} /srhome/scqcd/noaki/common_code/Nov19_2011/commoncode-0.6.2.5_mod/missing --run automake-1.8'
AWK='gawk'
CC='gcc'
CCDEPMODE='depmode=gcc3'
CFLAGS='-g -O2'
CPPFLAGS=''
CXX='mpCC'
CXXCPP='mpCC -E'
CXXDEPMODE='depmode=aix'
CXXFLAGS='-I/srhome/scqcd/cossu/gsl/include -qlanglvl=stdc99'
CYGPATH_W='echo'
DEFS='-DHAVE_CONFIG_H'
DEPDIR='.deps'
DOXYGEN=''
ECHO_C='ECHO_N=''
ECHO_T=''
EGREP='grep -E'
EXEEXT=''
HITACHI_FALSE='#'
HITACHI_TRUE=''
INSTALL_DATA='${INSTALL} -m 644'
INSTALL_PROGRAM='${INSTALL}'
INSTALL_SCRIPT='${INSTALL}'
INSTALL_STRIP_PROGRAM='${SHELL} $(install_sh) -c -s'
LDFLAGS='-L/srhome/scqcd/cossu/gsl/lib'
LIBOBJS=' malloc$U.o'
LIBS='-lgsl -lgslcblas -lm '
LTLIBOBJS=' malloc$U.lo'
MAKEINFO='${SHELL} /srhome/scqcd/noaki/common_code/Nov19_2011/commoncode-0.6.2.5_mod/missing --run makeinfo'
OBJEXT='o'
PACKAGE='commoncode'
PACKAGE_BUGREPORT='cossu@post.kek.jp'
PACKAGE_NAME='CommonCode'
PACKAGE_STRING='CommonCode 0.6.2.5'
PACKAGE_TARNAME='commoncode'
PACKAGE_VERSION='0.6.2.5'
PATH_SEPARATOR=':'
RANLIB='ranlib'
SET_MAKE=''
SHELL='/bin/sh'
STRIP='strip'
USE_MPI_FALSE='#'
USE_MPI_TRUE=''
VERSION='0.6.2.5'
ac_ct_CC='gcc'
ac_ct_CXX=''
ac_ct_RANLIB='ranlib'
ac_ct_STRIP='strip'
am__fastdepCC_FALSE='#'
am__fastdepCC_TRUE=''
am__fastdepCXX_FALSE=''
am__fastdepCXX_TRUE='#'
am__include='include'
am__leading_dot='.'
am__quote=''
bindir='${exec_prefix}/bin'
build='powerpc-ibm-aix7.1.0.0'
build_alias=''
build_cpu='powerpc'
build_os='aix7.1.0.0'
build_vendor='ibm'
datadir='${prefix}/share'
exec_prefix='${prefix}'
host='rs6000-ibm-aix'
host_alias='rs6000-ibm-aix'
host_cpu='rs6000'
host_os='aix'
host_vendor='ibm'
includedir='${prefix}/include'
infodir='${prefix}/info'
install_sh='/srhome/scqcd/noaki/common_code/Nov19_2011/commoncode-0.6.2.5_mod/install-sh'
libdir='${exec_prefix}/lib'
libexecdir='${exec_prefix}/libexec'
localstatedir='${prefix}/var'
mandir='${prefix}/man'
mkdir_p='$(install_sh) -d'
oldincludedir='/usr/include'
prefix='/usr/local'
program_transform_name='s,x,x,'
sbindir='${exec_prefix}/sbin'
sharedstatedir='${prefix}/com'
sysconfdir='${prefix}/etc'
target='rs6000-ibm-aix'
target_alias=''
target_cpu='rs6000'
target_os='aix'
target_vendor='ibm'

## ----------- ##
## confdefs.h. ##
## ----------- ##

#define HAVE_INTTYPES_H 1
#define HAVE_LIBGSL 1
#define HAVE_LIBGSLCBLAS 1
#define HAVE_LIBM 1
#define HAVE_MALLOC 0
#define HAVE_MEMORY_H 1
#define HAVE_MPI
#define HAVE_SQRT 1
#define HAVE_STDINT_H 1
#define HAVE_STDLIB_H 1
#define HAVE_STDLIB_H 1
#define HAVE_STDLIB_H 1
#define HAVE_STRINGS_H 1
#define HAVE_STRING_H 1
#define HAVE_SYS_STAT_H 1
#define HAVE_SYS_TYPES_H 1
#define HAVE_UNISTD_H 1
#define PACKAGE "commoncode"
#define PACKAGE_BUGREPORT "cossu@post.kek.jp"
#define PACKAGE_NAME "CommonCode"
#define PACKAGE_STRING "CommonCode 0.6.2.5"
#define PACKAGE_TARNAME "commoncode"
#define PACKAGE_VERSION "0.6.2.5"
#define STDC_HEADERS 1
#define VERSION "0.6.2.5"
#define malloc rpl_malloc
#endif
#ifdef __cplusplus
extern "C" void exit (int);

configure: exit 0
