==3252== Memcheck, a memory error detector
==3252== Copyright (C) 2002-2010, and GNU GPL'd, by Julian Seward et al.
==3252== Using Valgrind-3.6.1-Debian and LibVEX; rerun with -h for copyright info
==3252== Command: ./hmc
==3252== Parent PID: 2366
==3252== 
==3252== Conditional jump or move depends on uninitialised value(s)
==3252==    at 0x404123: main (valarray_array.h:123)
==3252== 
==3252== Conditional jump or move depends on uninitialised value(s)
==3252==    at 0x427D08: GaugeConf_txt::init_conf(Field&) (valarray:681)
==3252==    by 0x42464C: GaugeField::initializeTxt(std::string const&) (common_fields.h:51)
==3252==    by 0x4041DC: main (common_fields.h:58)
==3252== 
==3252== 
==3252== HEAP SUMMARY:
==3252==     in use at exit: 567,349 bytes in 62 blocks
==3252==   total heap usage: 10,508,079 allocs, 10,508,017 frees, 5,039,520,700 bytes allocated
==3252== 
==3252== 68 (48 direct, 20 indirect) bytes in 1 blocks are definitely lost in loss record 40 of 62
==3252==    at 0x4C28B35: operator new(unsigned long) (vg_replace_malloc.c:261)
==3252==    by 0x41F2E6: MDIntegrator_LeapfrogCreator::createLeapfrog() (mdExec_leapfrog.h:98)
==3252==    by 0x446CD3: Test_HMC::run(pugi::xml_node) (hmcGeneral.h:69)
==3252==    by 0x40421C: main (main.cpp:41)
==3252== 
==3252== 160 (72 direct, 88 indirect) bytes in 1 blocks are definitely lost in loss record 51 of 62
==3252==    at 0x4C28B35: operator new(unsigned long) (vg_replace_malloc.c:261)
==3252==    by 0x406A1C: WilsonGaugeActionCreator::getGaugeAction(Format::Format_G const&, Field*) (action_gaugetype_factory.h:35)
==3252==    by 0x41EF9C: MDIntegrator_LeapfrogCreator::createLeapfrog() (mdExec_Factory.h:110)
==3252==    by 0x446CD3: Test_HMC::run(pugi::xml_node) (hmcGeneral.h:69)
==3252==    by 0x40421C: main (main.cpp:41)
==3252== 
==3252== 123,344 (64 direct, 123,280 indirect) bytes in 1 blocks are definitely lost in loss record 60 of 62
==3252==    at 0x4C28B35: operator new(unsigned long) (vg_replace_malloc.c:261)
==3252==    by 0x406E07: TwoFlavorActionCreator::getFermionAction(Format::Format_G const&, Field*) (action_fermiontype_factory.hpp:60)
==3252==    by 0x41EF9C: MDIntegrator_LeapfrogCreator::createLeapfrog() (mdExec_Factory.h:110)
==3252==    by 0x446CD3: Test_HMC::run(pugi::xml_node) (hmcGeneral.h:69)
==3252==    by 0x40421C: main (main.cpp:41)
==3252== 
==3252== 148,336 (80 direct, 148,256 indirect) bytes in 1 blocks are definitely lost in loss record 61 of 62
==3252==    at 0x4C28B35: operator new(unsigned long) (vg_replace_malloc.c:261)
==3252==    by 0x406FF9: TwoFlavorRatioActionCreator::getFermionAction(Format::Format_G const&, Field*) (action_fermiontype_factory.hpp:103)
==3252==    by 0x41EF9C: MDIntegrator_LeapfrogCreator::createLeapfrog() (mdExec_Factory.h:110)
==3252==    by 0x446CD3: Test_HMC::run(pugi::xml_node) (hmcGeneral.h:69)
==3252==    by 0x40421C: main (main.cpp:41)
==3252== 
==3252== LEAK SUMMARY:
==3252==    definitely lost: 264 bytes in 4 blocks
==3252==    indirectly lost: 271,644 bytes in 39 blocks
==3252==      possibly lost: 0 bytes in 0 blocks
==3252==    still reachable: 295,441 bytes in 19 blocks
==3252==         suppressed: 0 bytes in 0 blocks
==3252== Reachable blocks (those to which a pointer was found) are not shown.
==3252== To see them, rerun with: --leak-check=full --show-reachable=yes
==3252== 
==3252== For counts of detected and suppressed errors, rerun with: -v
==3252== Use --track-origins=yes to see where uninitialised values come from
==3252== ERROR SUMMARY: 6 errors from 6 contexts (suppressed: 4 from 4)
